{"F:\\Leticia\\ProjetosGit\\SistemaDePagamento\\SistemaDePagamento\\src\\app.ts": {"path":"F:\\Leticia\\ProjetosGit\\SistemaDePagamento\\SistemaDePagamento\\src\\app.ts","all":false,"statementMap":{"1":{"start":{"line":2,"column":0},"end":{"line":2,"column":55}},"2":{"start":{"line":3,"column":0},"end":{"line":3,"column":61}},"3":{"start":{"line":4,"column":0},"end":{"line":4,"column":71}},"4":{"start":{"line":5,"column":0},"end":{"line":5,"column":46}},"5":{"start":{"line":6,"column":0},"end":{"line":6,"column":35}},"6":{"start":{"line":7,"column":0},"end":{"line":7,"column":47}},"7":{"start":{"line":8,"column":0},"end":{"line":8,"column":57}},"8":{"start":{"line":9,"column":0},"end":{"line":9,"column":57}},"10":{"start":{"line":11,"column":0},"end":{"line":11,"column":35}},"12":{"start":{"line":13,"column":0},"end":{"line":13,"column":32}},"13":{"start":{"line":14,"column":0},"end":{"line":14,"column":58}},"14":{"start":{"line":15,"column":0},"end":{"line":15,"column":30}},"17":{"start":{"line":18,"column":0},"end":{"line":18,"column":90}},"18":{"start":{"line":19,"column":0},"end":{"line":19,"column":79}},"21":{"start":{"line":22,"column":0},"end":{"line":22,"column":85}},"22":{"start":{"line":23,"column":0},"end":{"line":23,"column":83}},"25":{"start":{"line":26,"column":0},"end":{"line":26,"column":97}},"26":{"start":{"line":27,"column":0},"end":{"line":27,"column":118}},"27":{"start":{"line":28,"column":0},"end":{"line":28,"column":146}},"30":{"start":{"line":31,"column":0},"end":{"line":31,"column":51}},"31":{"start":{"line":32,"column":0},"end":{"line":32,"column":51}},"32":{"start":{"line":33,"column":0},"end":{"line":33,"column":51}},"34":{"start":{"line":35,"column":0},"end":{"line":35,"column":10}},"35":{"start":{"line":36,"column":0},"end":{"line":36,"column":37}},"36":{"start":{"line":37,"column":0},"end":{"line":37,"column":38}},"37":{"start":{"line":38,"column":0},"end":{"line":38,"column":39}},"38":{"start":{"line":39,"column":0},"end":{"line":39,"column":52}},"39":{"start":{"line":40,"column":0},"end":{"line":40,"column":4}},"40":{"start":{"line":41,"column":0},"end":{"line":41,"column":1}},"42":{"start":{"line":43,"column":0},"end":{"line":43,"column":44}},"43":{"start":{"line":44,"column":0},"end":{"line":44,"column":74}},"45":{"start":{"line":46,"column":0},"end":{"line":46,"column":58}},"46":{"start":{"line":47,"column":0},"end":{"line":47,"column":223}},"47":{"start":{"line":48,"column":0},"end":{"line":48,"column":4}},"49":{"start":{"line":50,"column":0},"end":{"line":50,"column":10}},"50":{"start":{"line":51,"column":0},"end":{"line":51,"column":11}},"51":{"start":{"line":52,"column":0},"end":{"line":52,"column":17}},"52":{"start":{"line":53,"column":0},"end":{"line":53,"column":33}},"53":{"start":{"line":54,"column":0},"end":{"line":54,"column":4}},"54":{"start":{"line":55,"column":0},"end":{"line":55,"column":1}},"56":{"start":{"line":57,"column":0},"end":{"line":57,"column":24}},"57":{"start":{"line":58,"column":0},"end":{"line":58,"column":39}},"58":{"start":{"line":59,"column":0},"end":{"line":59,"column":44}},"60":{"start":{"line":61,"column":0},"end":{"line":61,"column":90}},"61":{"start":{"line":62,"column":0},"end":{"line":62,"column":18}},"62":{"start":{"line":63,"column":0},"end":{"line":63,"column":61}},"64":{"start":{"line":65,"column":0},"end":{"line":65,"column":33}},"65":{"start":{"line":66,"column":0},"end":{"line":66,"column":46}},"66":{"start":{"line":67,"column":0},"end":{"line":67,"column":46}},"67":{"start":{"line":68,"column":0},"end":{"line":68,"column":46}},"69":{"start":{"line":70,"column":0},"end":{"line":70,"column":36}},"70":{"start":{"line":71,"column":0},"end":{"line":71,"column":1}},"73":{"start":{"line":74,"column":0},"end":{"line":74,"column":65}},"74":{"start":{"line":75,"column":0},"end":{"line":75,"column":9}},"75":{"start":{"line":76,"column":0},"end":{"line":76,"column":1}}},"s":{"1":1,"2":1,"3":1,"4":1,"5":1,"6":1,"7":1,"8":1,"10":1,"12":4,"13":4,"14":4,"17":4,"18":4,"21":4,"22":4,"25":4,"26":4,"27":4,"30":4,"31":4,"32":4,"34":4,"35":4,"36":4,"37":4,"38":4,"39":4,"40":4,"42":1,"43":3,"45":3,"46":9,"47":3,"49":3,"50":3,"51":3,"52":3,"53":3,"54":3,"56":1,"57":2,"58":2,"60":2,"61":2,"62":2,"64":2,"65":2,"66":2,"67":2,"69":2,"70":2,"73":1,"74":0,"75":0},"branchMap":{"0":{"type":"branch","line":74,"loc":{"start":{"line":74,"column":29},"end":{"line":74,"column":64}},"locations":[{"start":{"line":74,"column":29},"end":{"line":74,"column":64}}]},"1":{"type":"branch","line":74,"loc":{"start":{"line":74,"column":64},"end":{"line":76,"column":1}},"locations":[{"start":{"line":74,"column":64},"end":{"line":76,"column":1}}]},"2":{"type":"branch","line":11,"loc":{"start":{"line":11,"column":7},"end":{"line":41,"column":1}},"locations":[{"start":{"line":11,"column":7},"end":{"line":41,"column":1}}]},"3":{"type":"branch","line":43,"loc":{"start":{"line":43,"column":7},"end":{"line":55,"column":1}},"locations":[{"start":{"line":43,"column":7},"end":{"line":55,"column":1}}]},"4":{"type":"branch","line":46,"loc":{"start":{"line":46,"column":49},"end":{"line":47,"column":223}},"locations":[{"start":{"line":46,"column":49},"end":{"line":47,"column":223}}]},"5":{"type":"branch","line":47,"loc":{"start":{"line":47,"column":85},"end":{"line":47,"column":96}},"locations":[{"start":{"line":47,"column":85},"end":{"line":47,"column":96}}]},"6":{"type":"branch","line":57,"loc":{"start":{"line":57,"column":7},"end":{"line":71,"column":1}},"locations":[{"start":{"line":57,"column":7},"end":{"line":71,"column":1}}]},"7":{"type":"branch","line":63,"loc":{"start":{"line":63,"column":30},"end":{"line":63,"column":59}},"locations":[{"start":{"line":63,"column":30},"end":{"line":63,"column":59}}]}},"b":{"0":[0],"1":[0],"2":[4],"3":[3],"4":[9],"5":[12],"6":[2],"7":[6]},"fnMap":{"0":{"name":"setupSimulation","decl":{"start":{"line":11,"column":7},"end":{"line":41,"column":1}},"loc":{"start":{"line":11,"column":7},"end":{"line":41,"column":1}},"line":11},"1":{"name":"generateSimulationReport","decl":{"start":{"line":43,"column":7},"end":{"line":55,"column":1}},"loc":{"start":{"line":43,"column":7},"end":{"line":55,"column":1}},"line":43},"2":{"name":"main","decl":{"start":{"line":57,"column":7},"end":{"line":71,"column":1}},"loc":{"start":{"line":57,"column":7},"end":{"line":71,"column":1}},"line":57}},"f":{"0":4,"1":3,"2":2}}
,"F:\\Leticia\\ProjetosGit\\SistemaDePagamento\\SistemaDePagamento\\src\\database\\customer.ts": {"path":"F:\\Leticia\\ProjetosGit\\SistemaDePagamento\\SistemaDePagamento\\src\\database\\customer.ts","all":false,"statementMap":{"0":{"start":{"line":1,"column":0},"end":{"line":1,"column":46}},"1":{"start":{"line":2,"column":0},"end":{"line":2,"column":36}},"3":{"start":{"line":4,"column":0},"end":{"line":4,"column":26}},"4":{"start":{"line":5,"column":0},"end":{"line":5,"column":41}},"5":{"start":{"line":6,"column":0},"end":{"line":6,"column":40}},"6":{"start":{"line":7,"column":0},"end":{"line":7,"column":39}},"7":{"start":{"line":8,"column":0},"end":{"line":8,"column":42}},"8":{"start":{"line":9,"column":0},"end":{"line":9,"column":44}},"9":{"start":{"line":10,"column":0},"end":{"line":10,"column":41}},"10":{"start":{"line":11,"column":0},"end":{"line":11,"column":43}},"11":{"start":{"line":12,"column":0},"end":{"line":12,"column":41}},"12":{"start":{"line":13,"column":0},"end":{"line":13,"column":41}},"13":{"start":{"line":14,"column":0},"end":{"line":14,"column":42}},"14":{"start":{"line":15,"column":0},"end":{"line":15,"column":2}}},"s":{"0":1,"1":1,"3":1,"4":1,"5":1,"6":1,"7":1,"8":1,"9":1,"10":1,"11":1,"12":1,"13":1,"14":1},"branchMap":{},"b":{},"fnMap":{},"f":{}}
,"F:\\Leticia\\ProjetosGit\\SistemaDePagamento\\SistemaDePagamento\\src\\database\\product.ts": {"path":"F:\\Leticia\\ProjetosGit\\SistemaDePagamento\\SistemaDePagamento\\src\\database\\product.ts","all":false,"statementMap":{"0":{"start":{"line":1,"column":0},"end":{"line":1,"column":44}},"2":{"start":{"line":3,"column":0},"end":{"line":3,"column":25}},"3":{"start":{"line":4,"column":0},"end":{"line":4,"column":33}},"4":{"start":{"line":5,"column":0},"end":{"line":5,"column":41}},"5":{"start":{"line":6,"column":0},"end":{"line":6,"column":40}},"6":{"start":{"line":7,"column":0},"end":{"line":7,"column":53}},"7":{"start":{"line":8,"column":0},"end":{"line":8,"column":44}},"8":{"start":{"line":9,"column":0},"end":{"line":9,"column":2}}},"s":{"0":1,"2":1,"3":1,"4":1,"5":1,"6":1,"7":1,"8":1},"branchMap":{},"b":{},"fnMap":{},"f":{}}
,"F:\\Leticia\\ProjetosGit\\SistemaDePagamento\\SistemaDePagamento\\src\\database\\regions.ts": {"path":"F:\\Leticia\\ProjetosGit\\SistemaDePagamento\\SistemaDePagamento\\src\\database\\regions.ts","all":false,"statementMap":{"0":{"start":{"line":1,"column":0},"end":{"line":1,"column":42}},"2":{"start":{"line":3,"column":0},"end":{"line":3,"column":24}},"3":{"start":{"line":4,"column":0},"end":{"line":4,"column":34}},"4":{"start":{"line":5,"column":0},"end":{"line":5,"column":37}},"5":{"start":{"line":6,"column":0},"end":{"line":6,"column":32}},"6":{"start":{"line":7,"column":0},"end":{"line":7,"column":32}},"7":{"start":{"line":8,"column":0},"end":{"line":8,"column":34}},"8":{"start":{"line":9,"column":0},"end":{"line":9,"column":37}},"9":{"start":{"line":10,"column":0},"end":{"line":10,"column":31}},"10":{"start":{"line":11,"column":0},"end":{"line":11,"column":34}},"11":{"start":{"line":12,"column":0},"end":{"line":12,"column":34}},"12":{"start":{"line":13,"column":0},"end":{"line":13,"column":37}},"13":{"start":{"line":14,"column":0},"end":{"line":14,"column":2}}},"s":{"0":1,"2":1,"3":1,"4":1,"5":1,"6":1,"7":1,"8":1,"9":1,"10":1,"11":1,"12":1,"13":1},"branchMap":{},"b":{},"fnMap":{},"f":{}}
,"F:\\Leticia\\ProjetosGit\\SistemaDePagamento\\SistemaDePagamento\\src\\models\\Card.ts": {"path":"F:\\Leticia\\ProjetosGit\\SistemaDePagamento\\SistemaDePagamento\\src\\models\\Card.ts","all":false,"statementMap":{"0":{"start":{"line":1,"column":0},"end":{"line":1,"column":48}},"2":{"start":{"line":3,"column":0},"end":{"line":3,"column":22}},"3":{"start":{"line":4,"column":0},"end":{"line":4,"column":21}},"4":{"start":{"line":5,"column":0},"end":{"line":5,"column":19}},"7":{"start":{"line":8,"column":0},"end":{"line":8,"column":41}},"8":{"start":{"line":9,"column":0},"end":{"line":9,"column":67}},"9":{"start":{"line":10,"column":0},"end":{"line":10,"column":12}},"10":{"start":{"line":11,"column":0},"end":{"line":11,"column":3}},"12":{"start":{"line":13,"column":0},"end":{"line":13,"column":31}},"13":{"start":{"line":14,"column":0},"end":{"line":14,"column":83}},"14":{"start":{"line":15,"column":0},"end":{"line":15,"column":3}},"15":{"start":{"line":16,"column":0},"end":{"line":16,"column":1}}},"s":{"0":1,"2":1,"3":1,"4":1,"7":1,"8":1,"9":16,"10":16,"12":1,"13":15,"14":15,"15":1},"branchMap":{"0":{"type":"branch","line":3,"loc":{"start":{"line":3,"column":7},"end":{"line":3,"column":22}},"locations":[{"start":{"line":3,"column":7},"end":{"line":3,"column":22}}]},"1":{"type":"branch","line":9,"loc":{"start":{"line":9,"column":2},"end":{"line":11,"column":3}},"locations":[{"start":{"line":9,"column":2},"end":{"line":11,"column":3}}]},"2":{"type":"branch","line":13,"loc":{"start":{"line":13,"column":2},"end":{"line":15,"column":3}},"locations":[{"start":{"line":13,"column":2},"end":{"line":15,"column":3}}]}},"b":{"0":[2],"1":[16],"2":[15]},"fnMap":{"0":{"name":"Card","decl":{"start":{"line":9,"column":2},"end":{"line":11,"column":3}},"loc":{"start":{"line":9,"column":2},"end":{"line":11,"column":3}},"line":9},"1":{"name":"pay","decl":{"start":{"line":13,"column":2},"end":{"line":15,"column":3}},"loc":{"start":{"line":13,"column":2},"end":{"line":15,"column":3}},"line":13}},"f":{"0":16,"1":15}}
,"F:\\Leticia\\ProjetosGit\\SistemaDePagamento\\SistemaDePagamento\\src\\models\\Customer.ts": {"path":"F:\\Leticia\\ProjetosGit\\SistemaDePagamento\\SistemaDePagamento\\src\\models\\Customer.ts","all":false,"statementMap":{"3":{"start":{"line":4,"column":0},"end":{"line":4,"column":23}},"4":{"start":{"line":5,"column":0},"end":{"line":5,"column":14}},"5":{"start":{"line":6,"column":0},"end":{"line":6,"column":22}},"6":{"start":{"line":7,"column":0},"end":{"line":7,"column":24}},"7":{"start":{"line":8,"column":0},"end":{"line":8,"column":25}},"8":{"start":{"line":9,"column":0},"end":{"line":9,"column":6}},"9":{"start":{"line":10,"column":0},"end":{"line":10,"column":1}}},"s":{"3":1,"4":1,"5":32,"6":32,"7":32,"8":32,"9":1},"branchMap":{"0":{"type":"branch","line":5,"loc":{"start":{"line":5,"column":2},"end":{"line":9,"column":6}},"locations":[{"start":{"line":5,"column":2},"end":{"line":9,"column":6}}]}},"b":{"0":[32]},"fnMap":{"0":{"name":"Customer","decl":{"start":{"line":5,"column":2},"end":{"line":9,"column":6}},"loc":{"start":{"line":5,"column":2},"end":{"line":9,"column":6}},"line":5}},"f":{"0":32}}
,"F:\\Leticia\\ProjetosGit\\SistemaDePagamento\\SistemaDePagamento\\src\\models\\Order.ts": {"path":"F:\\Leticia\\ProjetosGit\\SistemaDePagamento\\SistemaDePagamento\\src\\models\\Order.ts","all":false,"statementMap":{"4":{"start":{"line":5,"column":0},"end":{"line":5,"column":20}},"5":{"start":{"line":6,"column":0},"end":{"line":6,"column":30}},"7":{"start":{"line":8,"column":0},"end":{"line":8,"column":14}},"8":{"start":{"line":9,"column":0},"end":{"line":9,"column":22}},"9":{"start":{"line":10,"column":0},"end":{"line":10,"column":30}},"10":{"start":{"line":11,"column":0},"end":{"line":11,"column":28}},"11":{"start":{"line":12,"column":0},"end":{"line":12,"column":26}},"12":{"start":{"line":13,"column":0},"end":{"line":13,"column":39}},"13":{"start":{"line":14,"column":0},"end":{"line":14,"column":6}},"14":{"start":{"line":15,"column":0},"end":{"line":15,"column":1}}},"s":{"4":1,"5":1,"7":1,"8":38,"9":38,"10":38,"11":38,"12":38,"13":38,"14":1},"branchMap":{"0":{"type":"branch","line":8,"loc":{"start":{"line":8,"column":2},"end":{"line":14,"column":6}},"locations":[{"start":{"line":8,"column":2},"end":{"line":14,"column":6}}]}},"b":{"0":[38]},"fnMap":{"0":{"name":"Order","decl":{"start":{"line":8,"column":2},"end":{"line":14,"column":6}},"loc":{"start":{"line":8,"column":2},"end":{"line":14,"column":6}},"line":8}},"f":{"0":38}}
,"F:\\Leticia\\ProjetosGit\\SistemaDePagamento\\SistemaDePagamento\\src\\models\\PaymentMethod.ts": {"path":"F:\\Leticia\\ProjetosGit\\SistemaDePagamento\\SistemaDePagamento\\src\\models\\PaymentMethod.ts","all":false,"statementMap":{"1":{"start":{"line":2,"column":0},"end":{"line":2,"column":37}},"3":{"start":{"line":4,"column":0},"end":{"line":4,"column":1}}},"s":{"1":1,"3":1},"branchMap":{},"b":{},"fnMap":{},"f":{}}
,"F:\\Leticia\\ProjetosGit\\SistemaDePagamento\\SistemaDePagamento\\src\\models\\Pix.ts": {"path":"F:\\Leticia\\ProjetosGit\\SistemaDePagamento\\SistemaDePagamento\\src\\models\\Pix.ts","all":false,"statementMap":{"0":{"start":{"line":1,"column":0},"end":{"line":1,"column":48}},"2":{"start":{"line":3,"column":0},"end":{"line":3,"column":40}},"3":{"start":{"line":4,"column":0},"end":{"line":4,"column":41}},"4":{"start":{"line":5,"column":0},"end":{"line":5,"column":12}},"5":{"start":{"line":6,"column":0},"end":{"line":6,"column":3}},"7":{"start":{"line":8,"column":0},"end":{"line":8,"column":31}},"8":{"start":{"line":9,"column":0},"end":{"line":9,"column":97}},"9":{"start":{"line":10,"column":0},"end":{"line":10,"column":3}},"10":{"start":{"line":11,"column":0},"end":{"line":11,"column":1}}},"s":{"0":1,"2":1,"3":1,"4":9,"5":9,"7":1,"8":8,"9":8,"10":1},"branchMap":{"0":{"type":"branch","line":4,"loc":{"start":{"line":4,"column":2},"end":{"line":6,"column":3}},"locations":[{"start":{"line":4,"column":2},"end":{"line":6,"column":3}}]},"1":{"type":"branch","line":8,"loc":{"start":{"line":8,"column":2},"end":{"line":10,"column":3}},"locations":[{"start":{"line":8,"column":2},"end":{"line":10,"column":3}}]}},"b":{"0":[9],"1":[8]},"fnMap":{"0":{"name":"Pix","decl":{"start":{"line":4,"column":2},"end":{"line":6,"column":3}},"loc":{"start":{"line":4,"column":2},"end":{"line":6,"column":3}},"line":4},"1":{"name":"pay","decl":{"start":{"line":8,"column":2},"end":{"line":10,"column":3}},"loc":{"start":{"line":8,"column":2},"end":{"line":10,"column":3}},"line":8}},"f":{"0":9,"1":8}}
,"F:\\Leticia\\ProjetosGit\\SistemaDePagamento\\SistemaDePagamento\\src\\models\\Product.ts": {"path":"F:\\Leticia\\ProjetosGit\\SistemaDePagamento\\SistemaDePagamento\\src\\models\\Product.ts","all":false,"statementMap":{"2":{"start":{"line":3,"column":0},"end":{"line":3,"column":22}},"3":{"start":{"line":4,"column":0},"end":{"line":4,"column":16}},"4":{"start":{"line":5,"column":0},"end":{"line":5,"column":35}},"5":{"start":{"line":6,"column":0},"end":{"line":6,"column":27}},"6":{"start":{"line":7,"column":0},"end":{"line":7,"column":28}},"7":{"start":{"line":8,"column":0},"end":{"line":8,"column":7}},"8":{"start":{"line":9,"column":0},"end":{"line":9,"column":24}},"9":{"start":{"line":10,"column":0},"end":{"line":10,"column":72}},"10":{"start":{"line":11,"column":0},"end":{"line":11,"column":9}},"12":{"start":{"line":13,"column":0},"end":{"line":13,"column":33}},"13":{"start":{"line":14,"column":0},"end":{"line":14,"column":68}},"14":{"start":{"line":15,"column":0},"end":{"line":15,"column":9}},"15":{"start":{"line":16,"column":0},"end":{"line":16,"column":8}},"16":{"start":{"line":17,"column":0},"end":{"line":17,"column":1}}},"s":{"2":1,"3":1,"4":27,"5":27,"6":27,"7":27,"8":27,"9":1,"10":1,"12":27,"13":2,"14":2,"15":27,"16":1},"branchMap":{"0":{"type":"branch","line":4,"loc":{"start":{"line":4,"column":4},"end":{"line":16,"column":8}},"locations":[{"start":{"line":4,"column":4},"end":{"line":16,"column":8}}]},"1":{"type":"branch","line":9,"loc":{"start":{"line":9,"column":23},"end":{"line":11,"column":9}},"locations":[{"start":{"line":9,"column":23},"end":{"line":11,"column":9}}]},"2":{"type":"branch","line":11,"loc":{"start":{"line":11,"column":8},"end":{"line":13,"column":32}},"locations":[{"start":{"line":11,"column":8},"end":{"line":13,"column":32}}]},"3":{"type":"branch","line":13,"loc":{"start":{"line":13,"column":32},"end":{"line":15,"column":9}},"locations":[{"start":{"line":13,"column":32},"end":{"line":15,"column":9}}]}},"b":{"0":[27],"1":[1],"2":[26],"3":[2]},"fnMap":{"0":{"name":"Product","decl":{"start":{"line":4,"column":4},"end":{"line":16,"column":8}},"loc":{"start":{"line":4,"column":4},"end":{"line":16,"column":8}},"line":4}},"f":{"0":27}}
,"F:\\Leticia\\ProjetosGit\\SistemaDePagamento\\SistemaDePagamento\\src\\models\\Region.ts": {"path":"F:\\Leticia\\ProjetosGit\\SistemaDePagamento\\SistemaDePagamento\\src\\models\\Region.ts","all":false,"statementMap":{"0":{"start":{"line":1,"column":0},"end":{"line":1,"column":21}},"1":{"start":{"line":2,"column":0},"end":{"line":2,"column":14}},"2":{"start":{"line":3,"column":0},"end":{"line":3,"column":22}},"3":{"start":{"line":4,"column":0},"end":{"line":4,"column":25}},"4":{"start":{"line":5,"column":0},"end":{"line":5,"column":31}},"5":{"start":{"line":6,"column":0},"end":{"line":6,"column":1}}},"s":{"0":1,"1":1,"2":62,"3":62,"4":62,"5":1},"branchMap":{"0":{"type":"branch","line":2,"loc":{"start":{"line":2,"column":2},"end":{"line":5,"column":31}},"locations":[{"start":{"line":2,"column":2},"end":{"line":5,"column":31}}]}},"b":{"0":[62]},"fnMap":{"0":{"name":"Region","decl":{"start":{"line":2,"column":2},"end":{"line":5,"column":31}},"loc":{"start":{"line":2,"column":2},"end":{"line":5,"column":31}},"line":2}},"f":{"0":62}}
,"F:\\Leticia\\ProjetosGit\\SistemaDePagamento\\SistemaDePagamento\\src\\services\\CustomerService.ts": {"path":"F:\\Leticia\\ProjetosGit\\SistemaDePagamento\\SistemaDePagamento\\src\\services\\CustomerService.ts","all":false,"statementMap":{"2":{"start":{"line":3,"column":0},"end":{"line":3,"column":30}},"3":{"start":{"line":4,"column":0},"end":{"line":4,"column":37}},"5":{"start":{"line":6,"column":0},"end":{"line":6,"column":37}},"6":{"start":{"line":7,"column":0},"end":{"line":7,"column":66}},"7":{"start":{"line":8,"column":0},"end":{"line":8,"column":17}},"8":{"start":{"line":9,"column":0},"end":{"line":9,"column":66}},"9":{"start":{"line":10,"column":0},"end":{"line":10,"column":5}},"10":{"start":{"line":11,"column":0},"end":{"line":11,"column":34}},"11":{"start":{"line":12,"column":0},"end":{"line":12,"column":19}},"12":{"start":{"line":13,"column":0},"end":{"line":13,"column":3}},"14":{"start":{"line":15,"column":0},"end":{"line":15,"column":24}},"15":{"start":{"line":16,"column":0},"end":{"line":16,"column":32}},"16":{"start":{"line":17,"column":0},"end":{"line":17,"column":3}},"18":{"start":{"line":19,"column":0},"end":{"line":19,"column":46}},"19":{"start":{"line":20,"column":0},"end":{"line":20,"column":49}},"20":{"start":{"line":21,"column":0},"end":{"line":21,"column":3}},"21":{"start":{"line":22,"column":0},"end":{"line":22,"column":1}},"23":{"start":{"line":24,"column":0},"end":{"line":24,"column":52}}},"s":{"2":1,"3":11,"5":1,"6":18,"7":18,"8":1,"9":1,"10":17,"11":17,"12":18,"14":1,"15":7,"16":7,"18":1,"19":4,"20":4,"21":1,"23":1},"branchMap":{"0":{"type":"branch","line":3,"loc":{"start":{"line":3,"column":7},"end":{"line":4,"column":37}},"locations":[{"start":{"line":3,"column":7},"end":{"line":4,"column":37}}]},"1":{"type":"branch","line":6,"loc":{"start":{"line":6,"column":2},"end":{"line":13,"column":3}},"locations":[{"start":{"line":6,"column":2},"end":{"line":13,"column":3}}]},"2":{"type":"branch","line":8,"loc":{"start":{"line":8,"column":16},"end":{"line":10,"column":5}},"locations":[{"start":{"line":8,"column":16},"end":{"line":10,"column":5}}]},"3":{"type":"branch","line":10,"loc":{"start":{"line":10,"column":4},"end":{"line":12,"column":19}},"locations":[{"start":{"line":10,"column":4},"end":{"line":12,"column":19}}]},"4":{"type":"branch","line":7,"loc":{"start":{"line":7,"column":39},"end":{"line":7,"column":64}},"locations":[{"start":{"line":7,"column":39},"end":{"line":7,"column":64}}]},"5":{"type":"branch","line":15,"loc":{"start":{"line":15,"column":2},"end":{"line":17,"column":3}},"locations":[{"start":{"line":15,"column":2},"end":{"line":17,"column":3}}]},"6":{"type":"branch","line":19,"loc":{"start":{"line":19,"column":2},"end":{"line":21,"column":3}},"locations":[{"start":{"line":19,"column":2},"end":{"line":21,"column":3}}]},"7":{"type":"branch","line":20,"loc":{"start":{"line":20,"column":31},"end":{"line":20,"column":47}},"locations":[{"start":{"line":20,"column":31},"end":{"line":20,"column":47}}]}},"b":{"0":[11],"1":[18],"2":[1],"3":[17],"4":[87],"5":[7],"6":[4],"7":[3]},"fnMap":{"0":{"name":"CustomerService","decl":{"start":{"line":3,"column":7},"end":{"line":4,"column":37}},"loc":{"start":{"line":3,"column":7},"end":{"line":4,"column":37}},"line":3},"1":{"name":"add","decl":{"start":{"line":6,"column":2},"end":{"line":13,"column":3}},"loc":{"start":{"line":6,"column":2},"end":{"line":13,"column":3}},"line":6},"2":{"name":"getAll","decl":{"start":{"line":15,"column":2},"end":{"line":17,"column":3}},"loc":{"start":{"line":15,"column":2},"end":{"line":17,"column":3}},"line":15},"3":{"name":"findById","decl":{"start":{"line":19,"column":2},"end":{"line":21,"column":3}},"loc":{"start":{"line":19,"column":2},"end":{"line":21,"column":3}},"line":19}},"f":{"0":11,"1":18,"2":7,"3":4}}
,"F:\\Leticia\\ProjetosGit\\SistemaDePagamento\\SistemaDePagamento\\src\\services\\OrderService.ts": {"path":"F:\\Leticia\\ProjetosGit\\SistemaDePagamento\\SistemaDePagamento\\src\\services\\OrderService.ts","all":false,"statementMap":{"0":{"start":{"line":1,"column":0},"end":{"line":1,"column":40}},"5":{"start":{"line":6,"column":0},"end":{"line":6,"column":27}},"6":{"start":{"line":7,"column":0},"end":{"line":7,"column":31}},"8":{"start":{"line":9,"column":0},"end":{"line":9,"column":14}},"9":{"start":{"line":10,"column":0},"end":{"line":10,"column":16}},"10":{"start":{"line":11,"column":0},"end":{"line":11,"column":24}},"11":{"start":{"line":12,"column":0},"end":{"line":12,"column":21}},"12":{"start":{"line":13,"column":0},"end":{"line":13,"column":32}},"13":{"start":{"line":14,"column":0},"end":{"line":14,"column":13}},"14":{"start":{"line":15,"column":0},"end":{"line":15,"column":56}},"15":{"start":{"line":16,"column":0},"end":{"line":16,"column":72}},"16":{"start":{"line":17,"column":0},"end":{"line":17,"column":28}},"17":{"start":{"line":18,"column":0},"end":{"line":18,"column":17}},"18":{"start":{"line":19,"column":0},"end":{"line":19,"column":3}},"20":{"start":{"line":21,"column":0},"end":{"line":21,"column":21}},"21":{"start":{"line":22,"column":0},"end":{"line":22,"column":28}},"22":{"start":{"line":23,"column":0},"end":{"line":23,"column":3}},"24":{"start":{"line":25,"column":0},"end":{"line":25,"column":43}},"25":{"start":{"line":26,"column":0},"end":{"line":26,"column":54}},"26":{"start":{"line":27,"column":0},"end":{"line":27,"column":3}},"29":{"start":{"line":30,"column":0},"end":{"line":30,"column":48}},"30":{"start":{"line":31,"column":0},"end":{"line":31,"column":29}},"31":{"start":{"line":32,"column":0},"end":{"line":32,"column":3}},"33":{"start":{"line":34,"column":0},"end":{"line":34,"column":37}},"34":{"start":{"line":35,"column":0},"end":{"line":35,"column":41}},"35":{"start":{"line":36,"column":0},"end":{"line":36,"column":17}},"36":{"start":{"line":37,"column":0},"end":{"line":37,"column":70}},"37":{"start":{"line":38,"column":0},"end":{"line":38,"column":5}},"38":{"start":{"line":39,"column":0},"end":{"line":39,"column":21}},"39":{"start":{"line":40,"column":0},"end":{"line":40,"column":63}},"40":{"start":{"line":41,"column":0},"end":{"line":41,"column":5}},"42":{"start":{"line":43,"column":0},"end":{"line":43,"column":65}},"43":{"start":{"line":44,"column":0},"end":{"line":44,"column":22}},"44":{"start":{"line":45,"column":0},"end":{"line":45,"column":26}},"45":{"start":{"line":46,"column":0},"end":{"line":46,"column":3}},"47":{"start":{"line":48,"column":0},"end":{"line":48,"column":40}},"48":{"start":{"line":49,"column":0},"end":{"line":49,"column":66}},"49":{"start":{"line":50,"column":0},"end":{"line":50,"column":23}},"50":{"start":{"line":51,"column":0},"end":{"line":51,"column":35}},"51":{"start":{"line":52,"column":0},"end":{"line":52,"column":18}},"52":{"start":{"line":53,"column":0},"end":{"line":53,"column":5}},"53":{"start":{"line":54,"column":0},"end":{"line":54,"column":17}},"54":{"start":{"line":55,"column":0},"end":{"line":55,"column":3}},"56":{"start":{"line":57,"column":0},"end":{"line":57,"column":72}},"57":{"start":{"line":58,"column":0},"end":{"line":58,"column":26}},"58":{"start":{"line":59,"column":0},"end":{"line":59,"column":46}},"59":{"start":{"line":60,"column":0},"end":{"line":60,"column":57}},"60":{"start":{"line":61,"column":0},"end":{"line":61,"column":36}},"61":{"start":{"line":62,"column":0},"end":{"line":62,"column":3}},"62":{"start":{"line":63,"column":0},"end":{"line":63,"column":1}},"64":{"start":{"line":65,"column":0},"end":{"line":65,"column":47}}},"s":{"0":1,"5":1,"6":17,"8":1,"9":23,"10":23,"11":23,"12":23,"13":23,"14":23,"15":23,"16":23,"17":23,"18":23,"20":1,"21":15,"22":15,"24":1,"25":20,"26":20,"29":1,"30":4,"31":4,"33":1,"34":16,"35":16,"36":1,"37":1,"38":16,"39":1,"40":1,"42":14,"43":14,"44":14,"45":16,"47":1,"48":4,"49":4,"50":3,"51":3,"52":3,"53":1,"54":4,"56":1,"57":25,"58":25,"59":25,"60":25,"61":25,"62":1,"64":1},"branchMap":{"0":{"type":"branch","line":6,"loc":{"start":{"line":6,"column":7},"end":{"line":7,"column":31}},"locations":[{"start":{"line":6,"column":7},"end":{"line":7,"column":31}}]},"1":{"type":"branch","line":9,"loc":{"start":{"line":9,"column":2},"end":{"line":19,"column":3}},"locations":[{"start":{"line":9,"column":2},"end":{"line":19,"column":3}}]},"2":{"type":"branch","line":21,"loc":{"start":{"line":21,"column":2},"end":{"line":23,"column":3}},"locations":[{"start":{"line":21,"column":2},"end":{"line":23,"column":3}}]},"3":{"type":"branch","line":25,"loc":{"start":{"line":25,"column":2},"end":{"line":27,"column":3}},"locations":[{"start":{"line":25,"column":2},"end":{"line":27,"column":3}}]},"4":{"type":"branch","line":26,"loc":{"start":{"line":26,"column":28},"end":{"line":26,"column":52}},"locations":[{"start":{"line":26,"column":28},"end":{"line":26,"column":52}}]},"5":{"type":"branch","line":30,"loc":{"start":{"line":30,"column":2},"end":{"line":32,"column":3}},"locations":[{"start":{"line":30,"column":2},"end":{"line":32,"column":3}}]},"6":{"type":"branch","line":34,"loc":{"start":{"line":34,"column":2},"end":{"line":46,"column":3}},"locations":[{"start":{"line":34,"column":2},"end":{"line":46,"column":3}}]},"7":{"type":"branch","line":36,"loc":{"start":{"line":36,"column":16},"end":{"line":38,"column":5}},"locations":[{"start":{"line":36,"column":16},"end":{"line":38,"column":5}}]},"8":{"type":"branch","line":38,"loc":{"start":{"line":38,"column":4},"end":{"line":39,"column":20}},"locations":[{"start":{"line":38,"column":4},"end":{"line":39,"column":20}}]},"9":{"type":"branch","line":39,"loc":{"start":{"line":39,"column":20},"end":{"line":41,"column":5}},"locations":[{"start":{"line":39,"column":20},"end":{"line":41,"column":5}}]},"10":{"type":"branch","line":41,"loc":{"start":{"line":41,"column":4},"end":{"line":45,"column":26}},"locations":[{"start":{"line":41,"column":4},"end":{"line":45,"column":26}}]},"11":{"type":"branch","line":48,"loc":{"start":{"line":48,"column":2},"end":{"line":55,"column":3}},"locations":[{"start":{"line":48,"column":2},"end":{"line":55,"column":3}}]},"12":{"type":"branch","line":50,"loc":{"start":{"line":50,"column":22},"end":{"line":53,"column":5}},"locations":[{"start":{"line":50,"column":22},"end":{"line":53,"column":5}}]},"13":{"type":"branch","line":53,"loc":{"start":{"line":53,"column":4},"end":{"line":54,"column":17}},"locations":[{"start":{"line":53,"column":4},"end":{"line":54,"column":17}}]},"14":{"type":"branch","line":49,"loc":{"start":{"line":49,"column":40},"end":{"line":49,"column":64}},"locations":[{"start":{"line":49,"column":40},"end":{"line":49,"column":64}}]},"15":{"type":"branch","line":57,"loc":{"start":{"line":57,"column":10},"end":{"line":62,"column":3}},"locations":[{"start":{"line":57,"column":10},"end":{"line":62,"column":3}}]},"16":{"type":"branch","line":60,"loc":{"start":{"line":60,"column":18},"end":{"line":60,"column":55}},"locations":[{"start":{"line":60,"column":18},"end":{"line":60,"column":55}}]}},"b":{"0":[17],"1":[23],"2":[15],"3":[20],"4":[30],"5":[4],"6":[16],"7":[1],"8":[15],"9":[1],"10":[14],"11":[4],"12":[3],"13":[1],"14":[3],"15":[25],"16":[30]},"fnMap":{"0":{"name":"OrderService","decl":{"start":{"line":6,"column":7},"end":{"line":7,"column":31}},"loc":{"start":{"line":6,"column":7},"end":{"line":7,"column":31}},"line":6},"1":{"name":"createOrder","decl":{"start":{"line":9,"column":2},"end":{"line":19,"column":3}},"loc":{"start":{"line":9,"column":2},"end":{"line":19,"column":3}},"line":9},"2":{"name":"getAll","decl":{"start":{"line":21,"column":2},"end":{"line":23,"column":3}},"loc":{"start":{"line":21,"column":2},"end":{"line":23,"column":3}},"line":21},"3":{"name":"findById","decl":{"start":{"line":25,"column":2},"end":{"line":27,"column":3}},"loc":{"start":{"line":25,"column":2},"end":{"line":27,"column":3}},"line":25},"4":{"name":"findOrderById","decl":{"start":{"line":30,"column":2},"end":{"line":32,"column":3}},"loc":{"start":{"line":30,"column":2},"end":{"line":32,"column":3}},"line":30},"5":{"name":"payOrder","decl":{"start":{"line":34,"column":2},"end":{"line":46,"column":3}},"loc":{"start":{"line":34,"column":2},"end":{"line":46,"column":3}},"line":34},"6":{"name":"deleteOrderById","decl":{"start":{"line":48,"column":2},"end":{"line":55,"column":3}},"loc":{"start":{"line":48,"column":2},"end":{"line":55,"column":3}},"line":48},"7":{"name":"calculateTotal","decl":{"start":{"line":57,"column":10},"end":{"line":62,"column":3}},"loc":{"start":{"line":57,"column":10},"end":{"line":62,"column":3}},"line":57}},"f":{"0":17,"1":23,"2":15,"3":20,"4":4,"5":16,"6":4,"7":25}}
,"F:\\Leticia\\ProjetosGit\\SistemaDePagamento\\SistemaDePagamento\\src\\services\\RegionService.ts": {"path":"F:\\Leticia\\ProjetosGit\\SistemaDePagamento\\SistemaDePagamento\\src\\services\\RegionService.ts","all":false,"statementMap":{"1":{"start":{"line":2,"column":0},"end":{"line":2,"column":46}},"2":{"start":{"line":3,"column":0},"end":{"line":3,"column":28}},"3":{"start":{"line":4,"column":0},"end":{"line":4,"column":38}},"5":{"start":{"line":6,"column":0},"end":{"line":6,"column":31}},"6":{"start":{"line":7,"column":0},"end":{"line":7,"column":53}},"7":{"start":{"line":8,"column":0},"end":{"line":8,"column":63}},"8":{"start":{"line":9,"column":0},"end":{"line":9,"column":5}},"9":{"start":{"line":10,"column":0},"end":{"line":10,"column":30}},"10":{"start":{"line":11,"column":0},"end":{"line":11,"column":18}},"11":{"start":{"line":12,"column":0},"end":{"line":12,"column":3}},"13":{"start":{"line":14,"column":0},"end":{"line":14,"column":22}},"14":{"start":{"line":15,"column":0},"end":{"line":15,"column":29}},"15":{"start":{"line":16,"column":0},"end":{"line":16,"column":3}},"17":{"start":{"line":18,"column":0},"end":{"line":18,"column":44}},"18":{"start":{"line":19,"column":0},"end":{"line":19,"column":47}},"19":{"start":{"line":20,"column":0},"end":{"line":20,"column":3}},"20":{"start":{"line":21,"column":0},"end":{"line":21,"column":1}},"22":{"start":{"line":23,"column":0},"end":{"line":23,"column":49}}},"s":{"1":1,"2":1,"3":15,"5":1,"6":11,"7":1,"8":1,"9":10,"10":10,"11":11,"13":1,"14":5,"15":5,"17":1,"18":8,"19":8,"20":1,"22":1},"branchMap":{"0":{"type":"branch","line":3,"loc":{"start":{"line":3,"column":7},"end":{"line":4,"column":38}},"locations":[{"start":{"line":3,"column":7},"end":{"line":4,"column":38}}]},"1":{"type":"branch","line":6,"loc":{"start":{"line":6,"column":2},"end":{"line":12,"column":3}},"locations":[{"start":{"line":6,"column":2},"end":{"line":12,"column":3}}]},"2":{"type":"branch","line":7,"loc":{"start":{"line":7,"column":52},"end":{"line":9,"column":5}},"locations":[{"start":{"line":7,"column":52},"end":{"line":9,"column":5}}]},"3":{"type":"branch","line":9,"loc":{"start":{"line":9,"column":4},"end":{"line":11,"column":18}},"locations":[{"start":{"line":9,"column":4},"end":{"line":11,"column":18}}]},"4":{"type":"branch","line":7,"loc":{"start":{"line":7,"column":26},"end":{"line":7,"column":49}},"locations":[{"start":{"line":7,"column":26},"end":{"line":7,"column":49}}]},"5":{"type":"branch","line":14,"loc":{"start":{"line":14,"column":2},"end":{"line":16,"column":3}},"locations":[{"start":{"line":14,"column":2},"end":{"line":16,"column":3}}]},"6":{"type":"branch","line":18,"loc":{"start":{"line":18,"column":2},"end":{"line":20,"column":3}},"locations":[{"start":{"line":18,"column":2},"end":{"line":20,"column":3}}]},"7":{"type":"branch","line":19,"loc":{"start":{"line":19,"column":29},"end":{"line":19,"column":45}},"locations":[{"start":{"line":19,"column":29},"end":{"line":19,"column":45}}]}},"b":{"0":[15],"1":[11],"2":[1],"3":[10],"4":[25],"5":[5],"6":[8],"7":[53]},"fnMap":{"0":{"name":"RegionService","decl":{"start":{"line":3,"column":7},"end":{"line":4,"column":38}},"loc":{"start":{"line":3,"column":7},"end":{"line":4,"column":38}},"line":3},"1":{"name":"add","decl":{"start":{"line":6,"column":2},"end":{"line":12,"column":3}},"loc":{"start":{"line":6,"column":2},"end":{"line":12,"column":3}},"line":6},"2":{"name":"getAll","decl":{"start":{"line":14,"column":2},"end":{"line":16,"column":3}},"loc":{"start":{"line":14,"column":2},"end":{"line":16,"column":3}},"line":14},"3":{"name":"findById","decl":{"start":{"line":18,"column":2},"end":{"line":20,"column":3}},"loc":{"start":{"line":18,"column":2},"end":{"line":20,"column":3}},"line":18}},"f":{"0":15,"1":11,"2":5,"3":8}}
,"F:\\Leticia\\ProjetosGit\\SistemaDePagamento\\SistemaDePagamento\\src\\services\\ReportService.ts": {"path":"F:\\Leticia\\ProjetosGit\\SistemaDePagamento\\SistemaDePagamento\\src\\services\\ReportService.ts","all":false,"statementMap":{"2":{"start":{"line":3,"column":0},"end":{"line":3,"column":28}},"3":{"start":{"line":4,"column":0},"end":{"line":4,"column":55}},"4":{"start":{"line":5,"column":0},"end":{"line":5,"column":46}},"5":{"start":{"line":6,"column":0},"end":{"line":6,"column":60}},"6":{"start":{"line":7,"column":0},"end":{"line":7,"column":43}},"8":{"start":{"line":9,"column":0},"end":{"line":9,"column":12}},"9":{"start":{"line":10,"column":0},"end":{"line":10,"column":59}},"10":{"start":{"line":11,"column":0},"end":{"line":11,"column":43}},"11":{"start":{"line":12,"column":0},"end":{"line":12,"column":32}},"12":{"start":{"line":13,"column":0},"end":{"line":13,"column":39}},"13":{"start":{"line":14,"column":0},"end":{"line":14,"column":55}},"14":{"start":{"line":15,"column":0},"end":{"line":15,"column":58}},"15":{"start":{"line":16,"column":0},"end":{"line":16,"column":17}},"16":{"start":{"line":17,"column":0},"end":{"line":17,"column":3}},"18":{"start":{"line":19,"column":0},"end":{"line":19,"column":58}},"19":{"start":{"line":20,"column":0},"end":{"line":20,"column":64}},"20":{"start":{"line":21,"column":0},"end":{"line":21,"column":3}},"21":{"start":{"line":22,"column":0},"end":{"line":22,"column":1}}},"s":{"2":1,"3":1,"4":8,"5":8,"6":8,"8":8,"9":8,"10":8,"11":8,"12":8,"13":8,"14":8,"15":8,"16":8,"18":1,"19":10,"20":10,"21":1},"branchMap":{"0":{"type":"branch","line":4,"loc":{"start":{"line":4,"column":9},"end":{"line":17,"column":3}},"locations":[{"start":{"line":4,"column":9},"end":{"line":17,"column":3}}]},"1":{"type":"branch","line":6,"loc":{"start":{"line":6,"column":32},"end":{"line":6,"column":51}},"locations":[{"start":{"line":6,"column":32},"end":{"line":6,"column":51}}]},"2":{"type":"branch","line":19,"loc":{"start":{"line":19,"column":17},"end":{"line":21,"column":3}},"locations":[{"start":{"line":19,"column":17},"end":{"line":21,"column":3}}]},"3":{"type":"branch","line":20,"loc":{"start":{"line":20,"column":25},"end":{"line":20,"column":61}},"locations":[{"start":{"line":20,"column":25},"end":{"line":20,"column":61}}]}},"b":{"0":[8],"1":[18],"2":[10],"3":[20]},"fnMap":{"0":{"name":"generateDailyReport","decl":{"start":{"line":4,"column":9},"end":{"line":17,"column":3}},"loc":{"start":{"line":4,"column":9},"end":{"line":17,"column":3}},"line":4},"1":{"name":"calculateTotal","decl":{"start":{"line":19,"column":17},"end":{"line":21,"column":3}},"loc":{"start":{"line":19,"column":17},"end":{"line":21,"column":3}},"line":19}},"f":{"0":8,"1":10}}
,"F:\\Leticia\\ProjetosGit\\SistemaDePagamento\\SistemaDePagamento\\src\\utils\\ErrorHandler.ts": {"path":"F:\\Leticia\\ProjetosGit\\SistemaDePagamento\\SistemaDePagamento\\src\\utils\\ErrorHandler.ts","all":false,"statementMap":{"0":{"start":{"line":1,"column":0},"end":{"line":1,"column":27}},"1":{"start":{"line":2,"column":0},"end":{"line":2,"column":36}},"2":{"start":{"line":3,"column":0},"end":{"line":3,"column":33}},"3":{"start":{"line":4,"column":0},"end":{"line":4,"column":72}},"4":{"start":{"line":5,"column":0},"end":{"line":5,"column":12}},"5":{"start":{"line":6,"column":0},"end":{"line":6,"column":57}},"6":{"start":{"line":7,"column":0},"end":{"line":7,"column":5}},"7":{"start":{"line":8,"column":0},"end":{"line":8,"column":3}},"8":{"start":{"line":9,"column":0},"end":{"line":9,"column":1}}},"s":{"0":1,"1":1,"2":4,"3":1,"4":4,"5":3,"6":3,"7":4,"8":1},"branchMap":{"0":{"type":"branch","line":2,"loc":{"start":{"line":2,"column":9},"end":{"line":8,"column":3}},"locations":[{"start":{"line":2,"column":9},"end":{"line":8,"column":3}}]},"1":{"type":"branch","line":3,"loc":{"start":{"line":3,"column":32},"end":{"line":5,"column":11}},"locations":[{"start":{"line":3,"column":32},"end":{"line":5,"column":11}}]},"2":{"type":"branch","line":5,"loc":{"start":{"line":5,"column":4},"end":{"line":7,"column":5}},"locations":[{"start":{"line":5,"column":4},"end":{"line":7,"column":5}}]}},"b":{"0":[4],"1":[1],"2":[3]},"fnMap":{"0":{"name":"log","decl":{"start":{"line":2,"column":9},"end":{"line":8,"column":3}},"loc":{"start":{"line":2,"column":9},"end":{"line":8,"column":3}},"line":2}},"f":{"0":4}}
}
