{"F:\\Leticia\\ProjetosGit\\SistemaDePagamento\\SistemaDePagamento\\src\\app.ts": {"path":"F:\\Leticia\\ProjetosGit\\SistemaDePagamento\\SistemaDePagamento\\src\\app.ts","all":false,"statementMap":{"1":{"start":{"line":2,"column":0},"end":{"line":2,"column":55}},"2":{"start":{"line":3,"column":0},"end":{"line":3,"column":61}},"4":{"start":{"line":5,"column":0},"end":{"line":5,"column":46}},"5":{"start":{"line":6,"column":0},"end":{"line":6,"column":35}},"6":{"start":{"line":7,"column":0},"end":{"line":7,"column":47}},"7":{"start":{"line":8,"column":0},"end":{"line":8,"column":57}},"8":{"start":{"line":9,"column":0},"end":{"line":9,"column":57}},"10":{"start":{"line":11,"column":0},"end":{"line":11,"column":32}},"11":{"start":{"line":12,"column":0},"end":{"line":12,"column":90}},"12":{"start":{"line":13,"column":0},"end":{"line":13,"column":79}},"13":{"start":{"line":14,"column":0},"end":{"line":14,"column":33}},"14":{"start":{"line":15,"column":0},"end":{"line":15,"column":1}},"16":{"start":{"line":17,"column":0},"end":{"line":17,"column":74}},"17":{"start":{"line":18,"column":0},"end":{"line":18,"column":93}},"18":{"start":{"line":19,"column":0},"end":{"line":19,"column":91}},"19":{"start":{"line":20,"column":0},"end":{"line":20,"column":32}},"20":{"start":{"line":21,"column":0},"end":{"line":21,"column":1}},"22":{"start":{"line":23,"column":0},"end":{"line":23,"column":76}},"23":{"start":{"line":24,"column":0},"end":{"line":24,"column":104}},"24":{"start":{"line":25,"column":0},"end":{"line":25,"column":125}},"25":{"start":{"line":26,"column":0},"end":{"line":26,"column":139}},"26":{"start":{"line":27,"column":0},"end":{"line":27,"column":36}},"27":{"start":{"line":28,"column":0},"end":{"line":28,"column":1}},"29":{"start":{"line":30,"column":0},"end":{"line":30,"column":35}},"30":{"start":{"line":31,"column":0},"end":{"line":31,"column":48}},"31":{"start":{"line":32,"column":0},"end":{"line":32,"column":48}},"32":{"start":{"line":33,"column":0},"end":{"line":33,"column":48}},"33":{"start":{"line":34,"column":0},"end":{"line":34,"column":48}},"34":{"start":{"line":35,"column":0},"end":{"line":35,"column":1}},"36":{"start":{"line":37,"column":0},"end":{"line":37,"column":34}},"37":{"start":{"line":38,"column":0},"end":{"line":38,"column":66}},"38":{"start":{"line":39,"column":0},"end":{"line":39,"column":1}},"40":{"start":{"line":41,"column":0},"end":{"line":41,"column":34}},"41":{"start":{"line":42,"column":0},"end":{"line":42,"column":90}},"42":{"start":{"line":43,"column":0},"end":{"line":43,"column":18}},"43":{"start":{"line":44,"column":0},"end":{"line":44,"column":42}},"44":{"start":{"line":45,"column":0},"end":{"line":45,"column":237}},"45":{"start":{"line":46,"column":0},"end":{"line":46,"column":5}},"47":{"start":{"line":48,"column":0},"end":{"line":48,"column":37}},"48":{"start":{"line":49,"column":0},"end":{"line":49,"column":33}},"49":{"start":{"line":50,"column":0},"end":{"line":50,"column":35}},"50":{"start":{"line":51,"column":0},"end":{"line":51,"column":35}},"51":{"start":{"line":52,"column":0},"end":{"line":52,"column":35}},"53":{"start":{"line":54,"column":0},"end":{"line":54,"column":39}},"54":{"start":{"line":55,"column":0},"end":{"line":55,"column":1}},"57":{"start":{"line":58,"column":0},"end":{"line":58,"column":33}},"58":{"start":{"line":59,"column":0},"end":{"line":59,"column":33}},"59":{"start":{"line":60,"column":0},"end":{"line":60,"column":44}},"60":{"start":{"line":61,"column":0},"end":{"line":61,"column":26}},"61":{"start":{"line":62,"column":0},"end":{"line":62,"column":19}},"62":{"start":{"line":63,"column":0},"end":{"line":63,"column":1}},"65":{"start":{"line":66,"column":0},"end":{"line":66,"column":30}},"66":{"start":{"line":67,"column":0},"end":{"line":67,"column":18}},"67":{"start":{"line":68,"column":0},"end":{"line":68,"column":1}}},"s":{"1":1,"2":1,"4":1,"5":1,"6":1,"7":1,"8":1,"10":1,"11":10,"12":10,"13":10,"14":10,"16":1,"17":9,"18":9,"19":9,"20":9,"22":1,"23":8,"24":8,"25":8,"26":8,"27":8,"29":1,"30":7,"31":7,"32":7,"33":7,"34":7,"36":1,"37":6,"38":6,"40":1,"41":4,"42":4,"43":4,"44":12,"45":4,"47":4,"48":4,"49":4,"50":4,"51":4,"53":4,"54":4,"57":1,"58":2,"59":2,"60":2,"61":2,"62":2,"65":1,"66":0,"67":0},"branchMap":{"0":{"type":"branch","line":66,"loc":{"start":{"line":66,"column":29},"end":{"line":68,"column":1}},"locations":[{"start":{"line":66,"column":29},"end":{"line":68,"column":1}}]},"1":{"type":"branch","line":11,"loc":{"start":{"line":11,"column":7},"end":{"line":15,"column":1}},"locations":[{"start":{"line":11,"column":7},"end":{"line":15,"column":1}}]},"2":{"type":"branch","line":17,"loc":{"start":{"line":17,"column":7},"end":{"line":21,"column":1}},"locations":[{"start":{"line":17,"column":7},"end":{"line":21,"column":1}}]},"3":{"type":"branch","line":23,"loc":{"start":{"line":23,"column":7},"end":{"line":28,"column":1}},"locations":[{"start":{"line":23,"column":7},"end":{"line":28,"column":1}}]},"4":{"type":"branch","line":30,"loc":{"start":{"line":30,"column":7},"end":{"line":35,"column":1}},"locations":[{"start":{"line":30,"column":7},"end":{"line":35,"column":1}}]},"5":{"type":"branch","line":37,"loc":{"start":{"line":37,"column":7},"end":{"line":39,"column":1}},"locations":[{"start":{"line":37,"column":7},"end":{"line":39,"column":1}}]},"6":{"type":"branch","line":41,"loc":{"start":{"line":41,"column":7},"end":{"line":55,"column":1}},"locations":[{"start":{"line":41,"column":7},"end":{"line":55,"column":1}}]},"7":{"type":"branch","line":44,"loc":{"start":{"line":44,"column":32},"end":{"line":46,"column":3}},"locations":[{"start":{"line":44,"column":32},"end":{"line":46,"column":3}}]},"8":{"type":"branch","line":45,"loc":{"start":{"line":45,"column":97},"end":{"line":45,"column":108}},"locations":[{"start":{"line":45,"column":97},"end":{"line":45,"column":108}}]},"9":{"type":"branch","line":58,"loc":{"start":{"line":58,"column":7},"end":{"line":63,"column":1}},"locations":[{"start":{"line":58,"column":7},"end":{"line":63,"column":1}}]}},"b":{"0":[0],"1":[10],"2":[9],"3":[8],"4":[7],"5":[6],"6":[4],"7":[12],"8":[16],"9":[2]},"fnMap":{"0":{"name":"setupRegions","decl":{"start":{"line":11,"column":7},"end":{"line":15,"column":1}},"loc":{"start":{"line":11,"column":7},"end":{"line":15,"column":1}},"line":11},"1":{"name":"setupCustomers","decl":{"start":{"line":17,"column":7},"end":{"line":21,"column":1}},"loc":{"start":{"line":17,"column":7},"end":{"line":21,"column":1}},"line":17},"2":{"name":"createOrders","decl":{"start":{"line":23,"column":7},"end":{"line":28,"column":1}},"loc":{"start":{"line":23,"column":7},"end":{"line":28,"column":1}},"line":23},"3":{"name":"processPayments","decl":{"start":{"line":30,"column":7},"end":{"line":35,"column":1}},"loc":{"start":{"line":30,"column":7},"end":{"line":35,"column":1}},"line":30},"4":{"name":"generateReport","decl":{"start":{"line":37,"column":7},"end":{"line":39,"column":1}},"loc":{"start":{"line":37,"column":7},"end":{"line":39,"column":1}},"line":37},"5":{"name":"displayResults","decl":{"start":{"line":41,"column":7},"end":{"line":55,"column":1}},"loc":{"start":{"line":41,"column":7},"end":{"line":55,"column":1}},"line":41},"6":{"name":"runSimulation","decl":{"start":{"line":58,"column":7},"end":{"line":63,"column":1}},"loc":{"start":{"line":58,"column":7},"end":{"line":63,"column":1}},"line":58}},"f":{"0":10,"1":9,"2":8,"3":7,"4":6,"5":4,"6":2}}
,"F:\\Leticia\\ProjetosGit\\SistemaDePagamento\\SistemaDePagamento\\src\\database\\customer.ts": {"path":"F:\\Leticia\\ProjetosGit\\SistemaDePagamento\\SistemaDePagamento\\src\\database\\customer.ts","all":false,"statementMap":{"0":{"start":{"line":1,"column":0},"end":{"line":1,"column":46}},"1":{"start":{"line":2,"column":0},"end":{"line":2,"column":36}},"3":{"start":{"line":4,"column":0},"end":{"line":4,"column":26}},"4":{"start":{"line":5,"column":0},"end":{"line":5,"column":41}},"5":{"start":{"line":6,"column":0},"end":{"line":6,"column":40}},"6":{"start":{"line":7,"column":0},"end":{"line":7,"column":39}},"7":{"start":{"line":8,"column":0},"end":{"line":8,"column":42}},"8":{"start":{"line":9,"column":0},"end":{"line":9,"column":44}},"9":{"start":{"line":10,"column":0},"end":{"line":10,"column":41}},"10":{"start":{"line":11,"column":0},"end":{"line":11,"column":43}},"11":{"start":{"line":12,"column":0},"end":{"line":12,"column":41}},"12":{"start":{"line":13,"column":0},"end":{"line":13,"column":41}},"13":{"start":{"line":14,"column":0},"end":{"line":14,"column":42}},"14":{"start":{"line":15,"column":0},"end":{"line":15,"column":2}}},"s":{"0":1,"1":1,"3":1,"4":1,"5":1,"6":1,"7":1,"8":1,"9":1,"10":1,"11":1,"12":1,"13":1,"14":1},"branchMap":{},"b":{},"fnMap":{},"f":{}}
,"F:\\Leticia\\ProjetosGit\\SistemaDePagamento\\SistemaDePagamento\\src\\database\\product.ts": {"path":"F:\\Leticia\\ProjetosGit\\SistemaDePagamento\\SistemaDePagamento\\src\\database\\product.ts","all":false,"statementMap":{"0":{"start":{"line":1,"column":0},"end":{"line":1,"column":44}},"2":{"start":{"line":3,"column":0},"end":{"line":3,"column":25}},"3":{"start":{"line":4,"column":0},"end":{"line":4,"column":33}},"4":{"start":{"line":5,"column":0},"end":{"line":5,"column":41}},"5":{"start":{"line":6,"column":0},"end":{"line":6,"column":40}},"6":{"start":{"line":7,"column":0},"end":{"line":7,"column":53}},"7":{"start":{"line":8,"column":0},"end":{"line":8,"column":44}},"8":{"start":{"line":9,"column":0},"end":{"line":9,"column":2}}},"s":{"0":1,"2":1,"3":1,"4":1,"5":1,"6":1,"7":1,"8":1},"branchMap":{},"b":{},"fnMap":{},"f":{}}
,"F:\\Leticia\\ProjetosGit\\SistemaDePagamento\\SistemaDePagamento\\src\\database\\regions.ts": {"path":"F:\\Leticia\\ProjetosGit\\SistemaDePagamento\\SistemaDePagamento\\src\\database\\regions.ts","all":false,"statementMap":{"0":{"start":{"line":1,"column":0},"end":{"line":1,"column":42}},"2":{"start":{"line":3,"column":0},"end":{"line":3,"column":24}},"3":{"start":{"line":4,"column":0},"end":{"line":4,"column":34}},"4":{"start":{"line":5,"column":0},"end":{"line":5,"column":37}},"5":{"start":{"line":6,"column":0},"end":{"line":6,"column":32}},"6":{"start":{"line":7,"column":0},"end":{"line":7,"column":32}},"7":{"start":{"line":8,"column":0},"end":{"line":8,"column":34}},"8":{"start":{"line":9,"column":0},"end":{"line":9,"column":37}},"9":{"start":{"line":10,"column":0},"end":{"line":10,"column":31}},"10":{"start":{"line":11,"column":0},"end":{"line":11,"column":34}},"11":{"start":{"line":12,"column":0},"end":{"line":12,"column":34}},"12":{"start":{"line":13,"column":0},"end":{"line":13,"column":37}},"13":{"start":{"line":14,"column":0},"end":{"line":14,"column":2}}},"s":{"0":1,"2":1,"3":1,"4":1,"5":1,"6":1,"7":1,"8":1,"9":1,"10":1,"11":1,"12":1,"13":1},"branchMap":{},"b":{},"fnMap":{},"f":{}}
,"F:\\Leticia\\ProjetosGit\\SistemaDePagamento\\SistemaDePagamento\\src\\models\\Card.ts": {"path":"F:\\Leticia\\ProjetosGit\\SistemaDePagamento\\SistemaDePagamento\\src\\models\\Card.ts","all":false,"statementMap":{"0":{"start":{"line":1,"column":0},"end":{"line":1,"column":48}},"2":{"start":{"line":3,"column":0},"end":{"line":3,"column":22}},"3":{"start":{"line":4,"column":0},"end":{"line":4,"column":21}},"4":{"start":{"line":5,"column":0},"end":{"line":5,"column":19}},"7":{"start":{"line":8,"column":0},"end":{"line":8,"column":41}},"8":{"start":{"line":9,"column":0},"end":{"line":9,"column":67}},"9":{"start":{"line":10,"column":0},"end":{"line":10,"column":12}},"10":{"start":{"line":11,"column":0},"end":{"line":11,"column":3}},"12":{"start":{"line":13,"column":0},"end":{"line":13,"column":31}},"13":{"start":{"line":14,"column":0},"end":{"line":14,"column":83}},"14":{"start":{"line":15,"column":0},"end":{"line":15,"column":3}},"15":{"start":{"line":16,"column":0},"end":{"line":16,"column":1}}},"s":{"0":1,"2":1,"3":1,"4":1,"7":1,"8":1,"9":24,"10":24,"12":1,"13":21,"14":21,"15":1},"branchMap":{"0":{"type":"branch","line":3,"loc":{"start":{"line":3,"column":7},"end":{"line":3,"column":22}},"locations":[{"start":{"line":3,"column":7},"end":{"line":3,"column":22}}]},"1":{"type":"branch","line":9,"loc":{"start":{"line":9,"column":2},"end":{"line":11,"column":3}},"locations":[{"start":{"line":9,"column":2},"end":{"line":11,"column":3}}]},"2":{"type":"branch","line":13,"loc":{"start":{"line":13,"column":2},"end":{"line":15,"column":3}},"locations":[{"start":{"line":13,"column":2},"end":{"line":15,"column":3}}]}},"b":{"0":[2],"1":[24],"2":[21]},"fnMap":{"0":{"name":"Card","decl":{"start":{"line":9,"column":2},"end":{"line":11,"column":3}},"loc":{"start":{"line":9,"column":2},"end":{"line":11,"column":3}},"line":9},"1":{"name":"pay","decl":{"start":{"line":13,"column":2},"end":{"line":15,"column":3}},"loc":{"start":{"line":13,"column":2},"end":{"line":15,"column":3}},"line":13}},"f":{"0":24,"1":21}}
,"F:\\Leticia\\ProjetosGit\\SistemaDePagamento\\SistemaDePagamento\\src\\models\\Customer.ts": {"path":"F:\\Leticia\\ProjetosGit\\SistemaDePagamento\\SistemaDePagamento\\src\\models\\Customer.ts","all":false,"statementMap":{"3":{"start":{"line":4,"column":0},"end":{"line":4,"column":23}},"4":{"start":{"line":5,"column":0},"end":{"line":5,"column":14}},"5":{"start":{"line":6,"column":0},"end":{"line":6,"column":22}},"6":{"start":{"line":7,"column":0},"end":{"line":7,"column":24}},"7":{"start":{"line":8,"column":0},"end":{"line":8,"column":25}},"8":{"start":{"line":9,"column":0},"end":{"line":9,"column":6}},"9":{"start":{"line":10,"column":0},"end":{"line":10,"column":1}}},"s":{"3":1,"4":1,"5":22,"6":22,"7":22,"8":22,"9":1},"branchMap":{"0":{"type":"branch","line":5,"loc":{"start":{"line":5,"column":2},"end":{"line":9,"column":6}},"locations":[{"start":{"line":5,"column":2},"end":{"line":9,"column":6}}]}},"b":{"0":[22]},"fnMap":{"0":{"name":"Customer","decl":{"start":{"line":5,"column":2},"end":{"line":9,"column":6}},"loc":{"start":{"line":5,"column":2},"end":{"line":9,"column":6}},"line":5}},"f":{"0":22}}
,"F:\\Leticia\\ProjetosGit\\SistemaDePagamento\\SistemaDePagamento\\src\\models\\Order.ts": {"path":"F:\\Leticia\\ProjetosGit\\SistemaDePagamento\\SistemaDePagamento\\src\\models\\Order.ts","all":false,"statementMap":{"4":{"start":{"line":5,"column":0},"end":{"line":5,"column":20}},"5":{"start":{"line":6,"column":0},"end":{"line":6,"column":30}},"7":{"start":{"line":8,"column":0},"end":{"line":8,"column":14}},"8":{"start":{"line":9,"column":0},"end":{"line":9,"column":22}},"9":{"start":{"line":10,"column":0},"end":{"line":10,"column":30}},"10":{"start":{"line":11,"column":0},"end":{"line":11,"column":28}},"11":{"start":{"line":12,"column":0},"end":{"line":12,"column":26}},"12":{"start":{"line":13,"column":0},"end":{"line":13,"column":39}},"13":{"start":{"line":14,"column":0},"end":{"line":14,"column":6}},"14":{"start":{"line":15,"column":0},"end":{"line":15,"column":1}}},"s":{"4":1,"5":1,"7":1,"8":50,"9":50,"10":50,"11":50,"12":50,"13":50,"14":1},"branchMap":{"0":{"type":"branch","line":8,"loc":{"start":{"line":8,"column":2},"end":{"line":14,"column":6}},"locations":[{"start":{"line":8,"column":2},"end":{"line":14,"column":6}}]}},"b":{"0":[50]},"fnMap":{"0":{"name":"Order","decl":{"start":{"line":8,"column":2},"end":{"line":14,"column":6}},"loc":{"start":{"line":8,"column":2},"end":{"line":14,"column":6}},"line":8}},"f":{"0":50}}
,"F:\\Leticia\\ProjetosGit\\SistemaDePagamento\\SistemaDePagamento\\src\\models\\PaymentMethod.ts": {"path":"F:\\Leticia\\ProjetosGit\\SistemaDePagamento\\SistemaDePagamento\\src\\models\\PaymentMethod.ts","all":false,"statementMap":{"1":{"start":{"line":2,"column":0},"end":{"line":2,"column":37}},"3":{"start":{"line":4,"column":0},"end":{"line":4,"column":1}}},"s":{"1":1,"3":1},"branchMap":{},"b":{},"fnMap":{},"f":{}}
,"F:\\Leticia\\ProjetosGit\\SistemaDePagamento\\SistemaDePagamento\\src\\models\\Pix.ts": {"path":"F:\\Leticia\\ProjetosGit\\SistemaDePagamento\\SistemaDePagamento\\src\\models\\Pix.ts","all":false,"statementMap":{"0":{"start":{"line":1,"column":0},"end":{"line":1,"column":48}},"2":{"start":{"line":3,"column":0},"end":{"line":3,"column":40}},"3":{"start":{"line":4,"column":0},"end":{"line":4,"column":41}},"4":{"start":{"line":5,"column":0},"end":{"line":5,"column":12}},"5":{"start":{"line":6,"column":0},"end":{"line":6,"column":3}},"7":{"start":{"line":8,"column":0},"end":{"line":8,"column":31}},"8":{"start":{"line":9,"column":0},"end":{"line":9,"column":97}},"9":{"start":{"line":10,"column":0},"end":{"line":10,"column":3}},"10":{"start":{"line":11,"column":0},"end":{"line":11,"column":1}}},"s":{"0":1,"2":1,"3":1,"4":13,"5":13,"7":1,"8":11,"9":11,"10":1},"branchMap":{"0":{"type":"branch","line":4,"loc":{"start":{"line":4,"column":2},"end":{"line":6,"column":3}},"locations":[{"start":{"line":4,"column":2},"end":{"line":6,"column":3}}]},"1":{"type":"branch","line":8,"loc":{"start":{"line":8,"column":2},"end":{"line":10,"column":3}},"locations":[{"start":{"line":8,"column":2},"end":{"line":10,"column":3}}]}},"b":{"0":[13],"1":[11]},"fnMap":{"0":{"name":"Pix","decl":{"start":{"line":4,"column":2},"end":{"line":6,"column":3}},"loc":{"start":{"line":4,"column":2},"end":{"line":6,"column":3}},"line":4},"1":{"name":"pay","decl":{"start":{"line":8,"column":2},"end":{"line":10,"column":3}},"loc":{"start":{"line":8,"column":2},"end":{"line":10,"column":3}},"line":8}},"f":{"0":13,"1":11}}
,"F:\\Leticia\\ProjetosGit\\SistemaDePagamento\\SistemaDePagamento\\src\\models\\Product.ts": {"path":"F:\\Leticia\\ProjetosGit\\SistemaDePagamento\\SistemaDePagamento\\src\\models\\Product.ts","all":false,"statementMap":{"2":{"start":{"line":3,"column":0},"end":{"line":3,"column":22}},"3":{"start":{"line":4,"column":0},"end":{"line":4,"column":16}},"4":{"start":{"line":5,"column":0},"end":{"line":5,"column":35}},"5":{"start":{"line":6,"column":0},"end":{"line":6,"column":27}},"6":{"start":{"line":7,"column":0},"end":{"line":7,"column":28}},"7":{"start":{"line":8,"column":0},"end":{"line":8,"column":7}},"8":{"start":{"line":9,"column":0},"end":{"line":9,"column":24}},"9":{"start":{"line":10,"column":0},"end":{"line":10,"column":72}},"10":{"start":{"line":11,"column":0},"end":{"line":11,"column":9}},"12":{"start":{"line":13,"column":0},"end":{"line":13,"column":33}},"13":{"start":{"line":14,"column":0},"end":{"line":14,"column":68}},"14":{"start":{"line":15,"column":0},"end":{"line":15,"column":9}},"15":{"start":{"line":16,"column":0},"end":{"line":16,"column":8}},"16":{"start":{"line":17,"column":0},"end":{"line":17,"column":1}}},"s":{"2":1,"3":1,"4":27,"5":27,"6":27,"7":27,"8":27,"9":1,"10":1,"12":27,"13":2,"14":2,"15":27,"16":1},"branchMap":{"0":{"type":"branch","line":4,"loc":{"start":{"line":4,"column":4},"end":{"line":16,"column":8}},"locations":[{"start":{"line":4,"column":4},"end":{"line":16,"column":8}}]},"1":{"type":"branch","line":9,"loc":{"start":{"line":9,"column":23},"end":{"line":11,"column":9}},"locations":[{"start":{"line":9,"column":23},"end":{"line":11,"column":9}}]},"2":{"type":"branch","line":11,"loc":{"start":{"line":11,"column":8},"end":{"line":13,"column":32}},"locations":[{"start":{"line":11,"column":8},"end":{"line":13,"column":32}}]},"3":{"type":"branch","line":13,"loc":{"start":{"line":13,"column":32},"end":{"line":15,"column":9}},"locations":[{"start":{"line":13,"column":32},"end":{"line":15,"column":9}}]}},"b":{"0":[27],"1":[1],"2":[26],"3":[2]},"fnMap":{"0":{"name":"Product","decl":{"start":{"line":4,"column":4},"end":{"line":16,"column":8}},"loc":{"start":{"line":4,"column":4},"end":{"line":16,"column":8}},"line":4}},"f":{"0":27}}
,"F:\\Leticia\\ProjetosGit\\SistemaDePagamento\\SistemaDePagamento\\src\\models\\Region.ts": {"path":"F:\\Leticia\\ProjetosGit\\SistemaDePagamento\\SistemaDePagamento\\src\\models\\Region.ts","all":false,"statementMap":{"0":{"start":{"line":1,"column":0},"end":{"line":1,"column":21}},"1":{"start":{"line":2,"column":0},"end":{"line":2,"column":14}},"2":{"start":{"line":3,"column":0},"end":{"line":3,"column":22}},"3":{"start":{"line":4,"column":0},"end":{"line":4,"column":25}},"4":{"start":{"line":5,"column":0},"end":{"line":5,"column":31}},"5":{"start":{"line":6,"column":0},"end":{"line":6,"column":1}}},"s":{"0":1,"1":1,"2":62,"3":62,"4":62,"5":1},"branchMap":{"0":{"type":"branch","line":2,"loc":{"start":{"line":2,"column":2},"end":{"line":5,"column":31}},"locations":[{"start":{"line":2,"column":2},"end":{"line":5,"column":31}}]}},"b":{"0":[62]},"fnMap":{"0":{"name":"Region","decl":{"start":{"line":2,"column":2},"end":{"line":5,"column":31}},"loc":{"start":{"line":2,"column":2},"end":{"line":5,"column":31}},"line":2}},"f":{"0":62}}
,"F:\\Leticia\\ProjetosGit\\SistemaDePagamento\\SistemaDePagamento\\src\\services\\CustomerService.ts": {"path":"F:\\Leticia\\ProjetosGit\\SistemaDePagamento\\SistemaDePagamento\\src\\services\\CustomerService.ts","all":false,"statementMap":{"2":{"start":{"line":3,"column":0},"end":{"line":3,"column":30}},"3":{"start":{"line":4,"column":0},"end":{"line":4,"column":37}},"5":{"start":{"line":6,"column":0},"end":{"line":6,"column":37}},"6":{"start":{"line":7,"column":0},"end":{"line":7,"column":66}},"7":{"start":{"line":8,"column":0},"end":{"line":8,"column":17}},"8":{"start":{"line":9,"column":0},"end":{"line":9,"column":66}},"9":{"start":{"line":10,"column":0},"end":{"line":10,"column":5}},"10":{"start":{"line":11,"column":0},"end":{"line":11,"column":34}},"11":{"start":{"line":12,"column":0},"end":{"line":12,"column":19}},"12":{"start":{"line":13,"column":0},"end":{"line":13,"column":3}},"14":{"start":{"line":15,"column":0},"end":{"line":15,"column":24}},"15":{"start":{"line":16,"column":0},"end":{"line":16,"column":32}},"16":{"start":{"line":17,"column":0},"end":{"line":17,"column":3}},"18":{"start":{"line":19,"column":0},"end":{"line":19,"column":46}},"19":{"start":{"line":20,"column":0},"end":{"line":20,"column":49}},"20":{"start":{"line":21,"column":0},"end":{"line":21,"column":3}},"21":{"start":{"line":22,"column":0},"end":{"line":22,"column":1}},"23":{"start":{"line":24,"column":0},"end":{"line":24,"column":52}}},"s":{"2":1,"3":11,"5":1,"6":28,"7":28,"8":1,"9":1,"10":27,"11":27,"12":28,"14":1,"15":9,"16":9,"18":1,"19":4,"20":4,"21":1,"23":1},"branchMap":{"0":{"type":"branch","line":3,"loc":{"start":{"line":3,"column":7},"end":{"line":4,"column":37}},"locations":[{"start":{"line":3,"column":7},"end":{"line":4,"column":37}}]},"1":{"type":"branch","line":6,"loc":{"start":{"line":6,"column":2},"end":{"line":13,"column":3}},"locations":[{"start":{"line":6,"column":2},"end":{"line":13,"column":3}}]},"2":{"type":"branch","line":8,"loc":{"start":{"line":8,"column":16},"end":{"line":10,"column":5}},"locations":[{"start":{"line":8,"column":16},"end":{"line":10,"column":5}}]},"3":{"type":"branch","line":10,"loc":{"start":{"line":10,"column":4},"end":{"line":12,"column":19}},"locations":[{"start":{"line":10,"column":4},"end":{"line":12,"column":19}}]},"4":{"type":"branch","line":7,"loc":{"start":{"line":7,"column":39},"end":{"line":7,"column":64}},"locations":[{"start":{"line":7,"column":39},"end":{"line":7,"column":64}}]},"5":{"type":"branch","line":15,"loc":{"start":{"line":15,"column":2},"end":{"line":17,"column":3}},"locations":[{"start":{"line":15,"column":2},"end":{"line":17,"column":3}}]},"6":{"type":"branch","line":19,"loc":{"start":{"line":19,"column":2},"end":{"line":21,"column":3}},"locations":[{"start":{"line":19,"column":2},"end":{"line":21,"column":3}}]},"7":{"type":"branch","line":20,"loc":{"start":{"line":20,"column":31},"end":{"line":20,"column":47}},"locations":[{"start":{"line":20,"column":31},"end":{"line":20,"column":47}}]}},"b":{"0":[11],"1":[28],"2":[1],"3":[27],"4":[12],"5":[9],"6":[4],"7":[3]},"fnMap":{"0":{"name":"CustomerService","decl":{"start":{"line":3,"column":7},"end":{"line":4,"column":37}},"loc":{"start":{"line":3,"column":7},"end":{"line":4,"column":37}},"line":3},"1":{"name":"add","decl":{"start":{"line":6,"column":2},"end":{"line":13,"column":3}},"loc":{"start":{"line":6,"column":2},"end":{"line":13,"column":3}},"line":6},"2":{"name":"getAll","decl":{"start":{"line":15,"column":2},"end":{"line":17,"column":3}},"loc":{"start":{"line":15,"column":2},"end":{"line":17,"column":3}},"line":15},"3":{"name":"findById","decl":{"start":{"line":19,"column":2},"end":{"line":21,"column":3}},"loc":{"start":{"line":19,"column":2},"end":{"line":21,"column":3}},"line":19}},"f":{"0":11,"1":28,"2":9,"3":4}}
,"F:\\Leticia\\ProjetosGit\\SistemaDePagamento\\SistemaDePagamento\\src\\services\\OrderService.ts": {"path":"F:\\Leticia\\ProjetosGit\\SistemaDePagamento\\SistemaDePagamento\\src\\services\\OrderService.ts","all":false,"statementMap":{"1":{"start":{"line":2,"column":0},"end":{"line":2,"column":42}},"6":{"start":{"line":7,"column":0},"end":{"line":7,"column":27}},"7":{"start":{"line":8,"column":0},"end":{"line":8,"column":31}},"9":{"start":{"line":10,"column":0},"end":{"line":10,"column":14}},"10":{"start":{"line":11,"column":0},"end":{"line":11,"column":16}},"11":{"start":{"line":12,"column":0},"end":{"line":12,"column":24}},"12":{"start":{"line":13,"column":0},"end":{"line":13,"column":21}},"13":{"start":{"line":14,"column":0},"end":{"line":14,"column":32}},"14":{"start":{"line":15,"column":0},"end":{"line":15,"column":14}},"15":{"start":{"line":16,"column":0},"end":{"line":16,"column":56}},"16":{"start":{"line":17,"column":0},"end":{"line":17,"column":72}},"17":{"start":{"line":18,"column":0},"end":{"line":18,"column":28}},"18":{"start":{"line":19,"column":0},"end":{"line":19,"column":17}},"19":{"start":{"line":20,"column":0},"end":{"line":20,"column":4}},"21":{"start":{"line":22,"column":0},"end":{"line":22,"column":21}},"22":{"start":{"line":23,"column":0},"end":{"line":23,"column":28}},"23":{"start":{"line":24,"column":0},"end":{"line":24,"column":4}},"25":{"start":{"line":26,"column":0},"end":{"line":26,"column":46}},"26":{"start":{"line":27,"column":0},"end":{"line":27,"column":59}},"27":{"start":{"line":28,"column":0},"end":{"line":28,"column":21}},"28":{"start":{"line":29,"column":0},"end":{"line":29,"column":4}},"31":{"start":{"line":32,"column":0},"end":{"line":32,"column":37}},"32":{"start":{"line":33,"column":0},"end":{"line":33,"column":45}},"33":{"start":{"line":34,"column":0},"end":{"line":34,"column":15}},"34":{"start":{"line":35,"column":0},"end":{"line":35,"column":69}},"35":{"start":{"line":36,"column":0},"end":{"line":36,"column":5}},"36":{"start":{"line":37,"column":0},"end":{"line":37,"column":19}},"37":{"start":{"line":38,"column":0},"end":{"line":38,"column":64}},"38":{"start":{"line":39,"column":0},"end":{"line":39,"column":5}},"40":{"start":{"line":41,"column":0},"end":{"line":41,"column":65}},"41":{"start":{"line":42,"column":0},"end":{"line":42,"column":22}},"42":{"start":{"line":43,"column":0},"end":{"line":43,"column":26}},"43":{"start":{"line":44,"column":0},"end":{"line":44,"column":4}},"45":{"start":{"line":46,"column":0},"end":{"line":46,"column":41}},"46":{"start":{"line":47,"column":0},"end":{"line":47,"column":60}},"47":{"start":{"line":48,"column":0},"end":{"line":48,"column":25}},"48":{"start":{"line":49,"column":0},"end":{"line":49,"column":37}},"49":{"start":{"line":50,"column":0},"end":{"line":50,"column":20}},"50":{"start":{"line":51,"column":0},"end":{"line":51,"column":7}},"51":{"start":{"line":52,"column":0},"end":{"line":52,"column":19}},"52":{"start":{"line":53,"column":0},"end":{"line":53,"column":5}},"55":{"start":{"line":56,"column":0},"end":{"line":56,"column":71}},"56":{"start":{"line":57,"column":0},"end":{"line":57,"column":26}},"57":{"start":{"line":58,"column":0},"end":{"line":58,"column":46}},"58":{"start":{"line":59,"column":0},"end":{"line":59,"column":51}},"59":{"start":{"line":60,"column":0},"end":{"line":60,"column":36}},"60":{"start":{"line":61,"column":0},"end":{"line":61,"column":5}},"61":{"start":{"line":62,"column":0},"end":{"line":62,"column":1}},"63":{"start":{"line":64,"column":0},"end":{"line":64,"column":47}}},"s":{"1":1,"6":1,"7":17,"9":1,"10":35,"11":35,"12":35,"13":35,"14":35,"15":35,"16":35,"17":35,"18":35,"19":35,"21":1,"22":20,"23":20,"25":1,"26":31,"27":31,"28":31,"31":1,"32":25,"33":25,"34":1,"35":1,"36":25,"37":1,"38":1,"40":23,"41":23,"42":23,"43":25,"45":1,"46":4,"47":4,"48":3,"49":3,"50":3,"51":1,"52":4,"55":1,"56":37,"57":37,"58":37,"59":37,"60":37,"61":1,"63":1},"branchMap":{"0":{"type":"branch","line":7,"loc":{"start":{"line":7,"column":7},"end":{"line":8,"column":31}},"locations":[{"start":{"line":7,"column":7},"end":{"line":8,"column":31}}]},"1":{"type":"branch","line":10,"loc":{"start":{"line":10,"column":2},"end":{"line":20,"column":4}},"locations":[{"start":{"line":10,"column":2},"end":{"line":20,"column":4}}]},"2":{"type":"branch","line":22,"loc":{"start":{"line":22,"column":3},"end":{"line":24,"column":4}},"locations":[{"start":{"line":22,"column":3},"end":{"line":24,"column":4}}]},"3":{"type":"branch","line":26,"loc":{"start":{"line":26,"column":3},"end":{"line":29,"column":4}},"locations":[{"start":{"line":26,"column":3},"end":{"line":29,"column":4}}]},"4":{"type":"branch","line":27,"loc":{"start":{"line":27,"column":41},"end":{"line":27,"column":57}},"locations":[{"start":{"line":27,"column":41},"end":{"line":27,"column":57}}]},"5":{"type":"branch","line":32,"loc":{"start":{"line":32,"column":3},"end":{"line":44,"column":4}},"locations":[{"start":{"line":32,"column":3},"end":{"line":44,"column":4}}]},"6":{"type":"branch","line":34,"loc":{"start":{"line":34,"column":14},"end":{"line":36,"column":5}},"locations":[{"start":{"line":34,"column":14},"end":{"line":36,"column":5}}]},"7":{"type":"branch","line":36,"loc":{"start":{"line":36,"column":4},"end":{"line":37,"column":18}},"locations":[{"start":{"line":36,"column":4},"end":{"line":37,"column":18}}]},"8":{"type":"branch","line":37,"loc":{"start":{"line":37,"column":18},"end":{"line":39,"column":5}},"locations":[{"start":{"line":37,"column":18},"end":{"line":39,"column":5}}]},"9":{"type":"branch","line":39,"loc":{"start":{"line":39,"column":4},"end":{"line":43,"column":26}},"locations":[{"start":{"line":39,"column":4},"end":{"line":43,"column":26}}]},"10":{"type":"branch","line":46,"loc":{"start":{"line":46,"column":3},"end":{"line":53,"column":5}},"locations":[{"start":{"line":46,"column":3},"end":{"line":53,"column":5}}]},"11":{"type":"branch","line":48,"loc":{"start":{"line":48,"column":24},"end":{"line":51,"column":7}},"locations":[{"start":{"line":48,"column":24},"end":{"line":51,"column":7}}]},"12":{"type":"branch","line":51,"loc":{"start":{"line":51,"column":6},"end":{"line":52,"column":19}},"locations":[{"start":{"line":51,"column":6},"end":{"line":52,"column":19}}]},"13":{"type":"branch","line":47,"loc":{"start":{"line":47,"column":42},"end":{"line":47,"column":58}},"locations":[{"start":{"line":47,"column":42},"end":{"line":47,"column":58}}]},"14":{"type":"branch","line":56,"loc":{"start":{"line":56,"column":10},"end":{"line":61,"column":5}},"locations":[{"start":{"line":56,"column":10},"end":{"line":61,"column":5}}]},"15":{"type":"branch","line":59,"loc":{"start":{"line":59,"column":18},"end":{"line":59,"column":50}},"locations":[{"start":{"line":59,"column":18},"end":{"line":59,"column":50}}]}},"b":{"0":[17],"1":[35],"2":[20],"3":[31],"4":[50],"5":[25],"6":[1],"7":[24],"8":[1],"9":[23],"10":[4],"11":[3],"12":[1],"13":[3],"14":[37],"15":[46]},"fnMap":{"0":{"name":"OrderService","decl":{"start":{"line":7,"column":7},"end":{"line":8,"column":31}},"loc":{"start":{"line":7,"column":7},"end":{"line":8,"column":31}},"line":7},"1":{"name":"createOrder","decl":{"start":{"line":10,"column":2},"end":{"line":20,"column":4}},"loc":{"start":{"line":10,"column":2},"end":{"line":20,"column":4}},"line":10},"2":{"name":"getAll","decl":{"start":{"line":22,"column":3},"end":{"line":24,"column":4}},"loc":{"start":{"line":22,"column":3},"end":{"line":24,"column":4}},"line":22},"3":{"name":"findOrderById","decl":{"start":{"line":26,"column":3},"end":{"line":29,"column":4}},"loc":{"start":{"line":26,"column":3},"end":{"line":29,"column":4}},"line":26},"4":{"name":"payOrder","decl":{"start":{"line":32,"column":3},"end":{"line":44,"column":4}},"loc":{"start":{"line":32,"column":3},"end":{"line":44,"column":4}},"line":32},"5":{"name":"deleteOrderById","decl":{"start":{"line":46,"column":3},"end":{"line":53,"column":5}},"loc":{"start":{"line":46,"column":3},"end":{"line":53,"column":5}},"line":46},"6":{"name":"calculateTotal","decl":{"start":{"line":56,"column":10},"end":{"line":61,"column":5}},"loc":{"start":{"line":56,"column":10},"end":{"line":61,"column":5}},"line":56}},"f":{"0":17,"1":35,"2":20,"3":31,"4":25,"5":4,"6":37}}
,"F:\\Leticia\\ProjetosGit\\SistemaDePagamento\\SistemaDePagamento\\src\\services\\RegionService.ts": {"path":"F:\\Leticia\\ProjetosGit\\SistemaDePagamento\\SistemaDePagamento\\src\\services\\RegionService.ts","all":false,"statementMap":{"1":{"start":{"line":2,"column":0},"end":{"line":2,"column":46}},"2":{"start":{"line":3,"column":0},"end":{"line":3,"column":28}},"3":{"start":{"line":4,"column":0},"end":{"line":4,"column":38}},"5":{"start":{"line":6,"column":0},"end":{"line":6,"column":31}},"6":{"start":{"line":7,"column":0},"end":{"line":7,"column":53}},"7":{"start":{"line":8,"column":0},"end":{"line":8,"column":63}},"8":{"start":{"line":9,"column":0},"end":{"line":9,"column":5}},"9":{"start":{"line":10,"column":0},"end":{"line":10,"column":30}},"10":{"start":{"line":11,"column":0},"end":{"line":11,"column":18}},"11":{"start":{"line":12,"column":0},"end":{"line":12,"column":3}},"13":{"start":{"line":14,"column":0},"end":{"line":14,"column":22}},"14":{"start":{"line":15,"column":0},"end":{"line":15,"column":29}},"15":{"start":{"line":16,"column":0},"end":{"line":16,"column":3}},"17":{"start":{"line":18,"column":0},"end":{"line":18,"column":44}},"18":{"start":{"line":19,"column":0},"end":{"line":19,"column":47}},"19":{"start":{"line":20,"column":0},"end":{"line":20,"column":3}},"20":{"start":{"line":21,"column":0},"end":{"line":21,"column":1}},"22":{"start":{"line":23,"column":0},"end":{"line":23,"column":49}}},"s":{"1":1,"2":1,"3":15,"5":1,"6":23,"7":1,"8":1,"9":22,"10":22,"11":23,"13":1,"14":7,"15":7,"17":1,"18":8,"19":8,"20":1,"22":1},"branchMap":{"0":{"type":"branch","line":3,"loc":{"start":{"line":3,"column":7},"end":{"line":4,"column":38}},"locations":[{"start":{"line":3,"column":7},"end":{"line":4,"column":38}}]},"1":{"type":"branch","line":6,"loc":{"start":{"line":6,"column":2},"end":{"line":12,"column":3}},"locations":[{"start":{"line":6,"column":2},"end":{"line":12,"column":3}}]},"2":{"type":"branch","line":7,"loc":{"start":{"line":7,"column":52},"end":{"line":9,"column":5}},"locations":[{"start":{"line":7,"column":52},"end":{"line":9,"column":5}}]},"3":{"type":"branch","line":9,"loc":{"start":{"line":9,"column":4},"end":{"line":11,"column":18}},"locations":[{"start":{"line":9,"column":4},"end":{"line":11,"column":18}}]},"4":{"type":"branch","line":7,"loc":{"start":{"line":7,"column":26},"end":{"line":7,"column":49}},"locations":[{"start":{"line":7,"column":26},"end":{"line":7,"column":49}}]},"5":{"type":"branch","line":14,"loc":{"start":{"line":14,"column":2},"end":{"line":16,"column":3}},"locations":[{"start":{"line":14,"column":2},"end":{"line":16,"column":3}}]},"6":{"type":"branch","line":18,"loc":{"start":{"line":18,"column":2},"end":{"line":20,"column":3}},"locations":[{"start":{"line":18,"column":2},"end":{"line":20,"column":3}}]},"7":{"type":"branch","line":19,"loc":{"start":{"line":19,"column":29},"end":{"line":19,"column":45}},"locations":[{"start":{"line":19,"column":29},"end":{"line":19,"column":45}}]}},"b":{"0":[15],"1":[23],"2":[1],"3":[22],"4":[31],"5":[7],"6":[8],"7":[53]},"fnMap":{"0":{"name":"RegionService","decl":{"start":{"line":3,"column":7},"end":{"line":4,"column":38}},"loc":{"start":{"line":3,"column":7},"end":{"line":4,"column":38}},"line":3},"1":{"name":"add","decl":{"start":{"line":6,"column":2},"end":{"line":12,"column":3}},"loc":{"start":{"line":6,"column":2},"end":{"line":12,"column":3}},"line":6},"2":{"name":"getAll","decl":{"start":{"line":14,"column":2},"end":{"line":16,"column":3}},"loc":{"start":{"line":14,"column":2},"end":{"line":16,"column":3}},"line":14},"3":{"name":"findById","decl":{"start":{"line":18,"column":2},"end":{"line":20,"column":3}},"loc":{"start":{"line":18,"column":2},"end":{"line":20,"column":3}},"line":18}},"f":{"0":15,"1":23,"2":7,"3":8}}
,"F:\\Leticia\\ProjetosGit\\SistemaDePagamento\\SistemaDePagamento\\src\\services\\ReportService.ts": {"path":"F:\\Leticia\\ProjetosGit\\SistemaDePagamento\\SistemaDePagamento\\src\\services\\ReportService.ts","all":false,"statementMap":{"2":{"start":{"line":3,"column":0},"end":{"line":3,"column":28}},"3":{"start":{"line":4,"column":0},"end":{"line":4,"column":55}},"4":{"start":{"line":5,"column":0},"end":{"line":5,"column":46}},"5":{"start":{"line":6,"column":0},"end":{"line":6,"column":60}},"6":{"start":{"line":7,"column":0},"end":{"line":7,"column":43}},"8":{"start":{"line":9,"column":0},"end":{"line":9,"column":12}},"9":{"start":{"line":10,"column":0},"end":{"line":10,"column":59}},"10":{"start":{"line":11,"column":0},"end":{"line":11,"column":43}},"11":{"start":{"line":12,"column":0},"end":{"line":12,"column":32}},"12":{"start":{"line":13,"column":0},"end":{"line":13,"column":39}},"13":{"start":{"line":14,"column":0},"end":{"line":14,"column":55}},"14":{"start":{"line":15,"column":0},"end":{"line":15,"column":58}},"15":{"start":{"line":16,"column":0},"end":{"line":16,"column":17}},"16":{"start":{"line":17,"column":0},"end":{"line":17,"column":3}},"18":{"start":{"line":19,"column":0},"end":{"line":19,"column":58}},"19":{"start":{"line":20,"column":0},"end":{"line":20,"column":64}},"20":{"start":{"line":21,"column":0},"end":{"line":21,"column":3}},"21":{"start":{"line":22,"column":0},"end":{"line":22,"column":1}}},"s":{"2":1,"3":1,"4":11,"5":11,"6":11,"8":11,"9":11,"10":11,"11":11,"12":11,"13":11,"14":11,"15":11,"16":11,"18":1,"19":13,"20":13,"21":1},"branchMap":{"0":{"type":"branch","line":4,"loc":{"start":{"line":4,"column":9},"end":{"line":17,"column":3}},"locations":[{"start":{"line":4,"column":9},"end":{"line":17,"column":3}}]},"1":{"type":"branch","line":6,"loc":{"start":{"line":6,"column":32},"end":{"line":6,"column":51}},"locations":[{"start":{"line":6,"column":32},"end":{"line":6,"column":51}}]},"2":{"type":"branch","line":19,"loc":{"start":{"line":19,"column":17},"end":{"line":21,"column":3}},"locations":[{"start":{"line":19,"column":17},"end":{"line":21,"column":3}}]},"3":{"type":"branch","line":20,"loc":{"start":{"line":20,"column":25},"end":{"line":20,"column":61}},"locations":[{"start":{"line":20,"column":25},"end":{"line":20,"column":61}}]}},"b":{"0":[11],"1":[27],"2":[13],"3":[29]},"fnMap":{"0":{"name":"generateDailyReport","decl":{"start":{"line":4,"column":9},"end":{"line":17,"column":3}},"loc":{"start":{"line":4,"column":9},"end":{"line":17,"column":3}},"line":4},"1":{"name":"calculateTotal","decl":{"start":{"line":19,"column":17},"end":{"line":21,"column":3}},"loc":{"start":{"line":19,"column":17},"end":{"line":21,"column":3}},"line":19}},"f":{"0":11,"1":13}}
,"F:\\Leticia\\ProjetosGit\\SistemaDePagamento\\SistemaDePagamento\\src\\utils\\ErrorHandler.ts": {"path":"F:\\Leticia\\ProjetosGit\\SistemaDePagamento\\SistemaDePagamento\\src\\utils\\ErrorHandler.ts","all":false,"statementMap":{"0":{"start":{"line":1,"column":0},"end":{"line":1,"column":27}},"1":{"start":{"line":2,"column":0},"end":{"line":2,"column":36}},"2":{"start":{"line":3,"column":0},"end":{"line":3,"column":33}},"3":{"start":{"line":4,"column":0},"end":{"line":4,"column":72}},"4":{"start":{"line":5,"column":0},"end":{"line":5,"column":12}},"5":{"start":{"line":6,"column":0},"end":{"line":6,"column":57}},"6":{"start":{"line":7,"column":0},"end":{"line":7,"column":5}},"7":{"start":{"line":8,"column":0},"end":{"line":8,"column":3}},"8":{"start":{"line":9,"column":0},"end":{"line":9,"column":1}}},"s":{"0":1,"1":1,"2":4,"3":1,"4":4,"5":3,"6":3,"7":4,"8":1},"branchMap":{"0":{"type":"branch","line":2,"loc":{"start":{"line":2,"column":9},"end":{"line":8,"column":3}},"locations":[{"start":{"line":2,"column":9},"end":{"line":8,"column":3}}]},"1":{"type":"branch","line":3,"loc":{"start":{"line":3,"column":32},"end":{"line":5,"column":11}},"locations":[{"start":{"line":3,"column":32},"end":{"line":5,"column":11}}]},"2":{"type":"branch","line":5,"loc":{"start":{"line":5,"column":4},"end":{"line":7,"column":5}},"locations":[{"start":{"line":5,"column":4},"end":{"line":7,"column":5}}]}},"b":{"0":[4],"1":[1],"2":[3]},"fnMap":{"0":{"name":"log","decl":{"start":{"line":2,"column":9},"end":{"line":8,"column":3}},"loc":{"start":{"line":2,"column":9},"end":{"line":8,"column":3}},"line":2}},"f":{"0":4}}
}
